<?xml version="1.0" encoding="UTF-8"?>
<!-- Generated by org.testng.reporters.JUnitXMLReporter -->
<testsuite hostname="iDeliver20-PC" name="Default test" tests="5" failures="0" timestamp="10 Jan 2020 12:19:37 GMT" time="137.461" errors="0">
  <testcase name="LoginTest" time="56.719" classname="com.salesforce.qa.testcases.LoginPageTest"/>
  <testcase name="CampaignsTest" time="9.718" classname="com.salesforce.qa.testcases.LoginPageTest"/>
  <testcase name="LeadTest" time="39.878" classname="com.salesforce.qa.testcases.LoginPageTest"/>
  <testcase name="ContratTest" time="5.526" classname="com.salesforce.qa.testcases.LoginPageTest"/>
  <testcase name="OrderTest" time="4.883" classname="com.salesforce.qa.testcases.LoginPageTest"/>
</testsuite> <!-- Default test -->
