<?xml version="1.0" encoding="UTF-8"?>
<!-- Generated by org.testng.reporters.JUnitXMLReporter -->
<testsuite hostname="iDeliver20-PC" name="Default test" tests="5" failures="0" timestamp="9 Jan 2020 13:53:32 GMT" time="182.379" errors="0">
  <testcase name="LoginTest" time="70.196" classname="com.salesforce.qa.testcases.LoginPageTest"/>
  <testcase name="CampaignsTest" time="29.371" classname="com.salesforce.qa.testcases.LoginPageTest"/>
  <testcase name="LeadTest" time="40.427" classname="com.salesforce.qa.testcases.LoginPageTest"/>
  <testcase name="ContratTest" time="5.311" classname="com.salesforce.qa.testcases.LoginPageTest"/>
  <testcase name="OrderTest" time="4.806" classname="com.salesforce.qa.testcases.LoginPageTest"/>
</testsuite> <!-- Default test -->
